# JRE version: OpenJDK Runtime Environment (8.0_112-b06) (build 1.8.0_112-release-b06)
# Java VM: OpenJDK 64-Bit Server VM (25.112-b06 mixed mode windows-amd64 compressed oops)
Heap:
 PSYoungGen      total 76288K, used 73215K [0x00000000e0000000, 0x00000000e6a00000, 0x0000000100000000)
  eden space 65536K, 100% used [0x00000000e0000000,0x00000000e4000000,0x00000000e4000000)
  from space 10752K, 71% used [0x00000000e4000000,0x00000000e477fd08,0x00000000e4a80000)
  to   space 10752K, 74% used [0x00000000e5f80000,0x00000000e6751060,0x00000000e6a00000)
 ParOldGen       total 129024K, used 50102K [0x00000000a0000000, 0x00000000a7e00000, 0x00000000e0000000)
  object space 129024K, 38% used [0x00000000a0000000,0x00000000a30ed920,0x00000000a7e00000)
 Metaspace       used 32152K, capacity 32936K, committed 33280K, reserved 1077248K
  class space    used 4325K, capacity 4552K, committed 4608K, reserved 1048576K
GC Heap History (9 events):
Event: 2.373 GC heap before
{Heap before GC invocations=1 (full 0):
 PSYoungGen      total 76288K, used 65536K [0x00000000e0000000, 0x00000000e5500000, 0x0000000100000000)
  eden space 65536K, 100% used [0x00000000e0000000,0x00000000e4000000,0x00000000e4000000)
  from space 10752K, 0% used [0x00000000e4a80000,0x00000000e4a80000,0x00000000e5500000)
  to   space 10752K, 0% used [0x00000000e4000000,0x00000000e4000000,0x00000000e4a80000)
 ParOldGen       total 175104K, used 0K [0x00000000a0000000, 0x00000000aab00000, 0x00000000e0000000)
  object space 175104K, 0% used [0x00000000a0000000,0x00000000a0000000,0x00000000aab00000)
 Metaspace       used 11688K, capacity 12014K, committed 12160K, reserved 1060864K
  class space    used 1530K, capacity 1659K, committed 1664K, reserved 1048576K
Event: 2.383 GC heap after
Heap after GC invocations=1 (full 0):
 PSYoungGen      total 76288K, used 7810K [0x00000000e0000000, 0x00000000e5500000, 0x0000000100000000)
  eden space 65536K, 0% used [0x00000000e0000000,0x00000000e0000000,0x00000000e4000000)
  from space 10752K, 72% used [0x00000000e4000000,0x00000000e47a0b88,0x00000000e4a80000)
  to   space 10752K, 0% used [0x00000000e4a80000,0x00000000e4a80000,0x00000000e5500000)
 ParOldGen       total 175104K, used 16K [0x00000000a0000000, 0x00000000aab00000, 0x00000000e0000000)
  object space 175104K, 0% used [0x00000000a0000000,0x00000000a0004000,0x00000000aab00000)
 Metaspace       used 11688K, capacity 12014K, committed 12160K, reserved 1060864K
  class space    used 1530K, capacity 1659K, committed 1664K, reserved 1048576K
}
Event: 4.043 GC heap before
{Heap before GC invocations=2 (full 0):
 PSYoungGen      total 76288K, used 63603K [0x00000000e0000000, 0x00000000e5500000, 0x0000000100000000)
  eden space 65536K, 85% used [0x00000000e0000000,0x00000000e367c338,0x00000000e4000000)
  from space 10752K, 72% used [0x00000000e4000000,0x00000000e47a0b88,0x00000000e4a80000)
  to   space 10752K, 0% used [0x00000000e4a80000,0x00000000e4a80000,0x00000000e5500000)
 ParOldGen       total 175104K, used 16K [0x00000000a0000000, 0x00000000aab00000, 0x00000000e0000000)
  object space 175104K, 0% used [0x00000000a0000000,0x00000000a0004000,0x00000000aab00000)
 Metaspace       used 20794K, capacity 21168K, committed 21296K, reserved 1067008K
  class space    used 2748K, capacity 2890K, committed 2944K, reserved 1048576K
Event: 4.072 GC heap after
Heap after GC invocations=2 (full 0):
 PSYoungGen      total 76288K, used 10743K [0x00000000e0000000, 0x00000000e9500000, 0x0000000100000000)
  eden space 65536K, 0% used [0x00000000e0000000,0x00000000e0000000,0x00000000e4000000)
  from space 10752K, 99% used [0x00000000e4a80000,0x00000000e54fdc40,0x00000000e5500000)
  to   space 10752K, 0% used [0x00000000e4000000,0x00000000e4000000,0x00000000e4a80000)
 ParOldGen       total 175104K, used 2333K [0x00000000a0000000, 0x00000000aab00000, 0x00000000e0000000)
  object space 175104K, 1% used [0x00000000a0000000,0x00000000a0247640,0x00000000aab00000)
 Metaspace       used 20794K, capacity 21168K, committed 21296K, reserved 1067008K
  class space    used 2748K, capacity 2890K, committed 2944K, reserved 1048576K
}
Event: 4.072 GC heap before
{Heap before GC invocations=3 (full 1):
 PSYoungGen      total 76288K, used 10743K [0x00000000e0000000, 0x00000000e9500000, 0x0000000100000000)
  eden space 65536K, 0% used [0x00000000e0000000,0x00000000e0000000,0x00000000e4000000)
  from space 10752K, 99% used [0x00000000e4a80000,0x00000000e54fdc40,0x00000000e5500000)
  to   space 10752K, 0% used [0x00000000e4000000,0x00000000e4000000,0x00000000e4a80000)
 ParOldGen       total 175104K, used 2333K [0x00000000a0000000, 0x00000000aab00000, 0x00000000e0000000)
  object space 175104K, 1% used [0x00000000a0000000,0x00000000a0247640,0x00000000aab00000)
 Metaspace       used 20794K, capacity 21168K, committed 21296K, reserved 1067008K
  class space    used 2748K, capacity 2890K, committed 2944K, reserved 1048576K
Event: 4.189 GC heap after
Heap after GC invocations=3 (full 1):
 PSYoungGen      total 76288K, used 0K [0x00000000e0000000, 0x00000000e9500000, 0x0000000100000000)
  eden space 65536K, 0% used [0x00000000e0000000,0x00000000e0000000,0x00000000e4000000)
  from space 10752K, 0% used [0x00000000e4a80000,0x00000000e4a80000,0x00000000e5500000)
  to   space 10752K, 0% used [0x00000000e4000000,0x00000000e4000000,0x00000000e4a80000)
 ParOldGen       total 129024K, used 12549K [0x00000000a0000000, 0x00000000a7e00000, 0x00000000e0000000)
  object space 129024K, 9% used [0x00000000a0000000,0x00000000a0c41730,0x00000000a7e00000)
 Metaspace       used 20794K, capacity 21168K, committed 21296K, reserved 1067008K
  class space    used 2748K, capacity 2890K, committed 2944K, reserved 1048576K
}
Event: 5.969 GC heap before
{Heap before GC invocations=4 (full 1):
 PSYoungGen      total 76288K, used 65536K [0x00000000e0000000, 0x00000000e9500000, 0x0000000100000000)
  eden space 65536K, 100% used [0x00000000e0000000,0x00000000e4000000,0x00000000e4000000)
  from space 10752K, 0% used [0x00000000e4a80000,0x00000000e4a80000,0x00000000e5500000)
  to   space 10752K, 0% used [0x00000000e4000000,0x00000000e4000000,0x00000000e4a80000)
 ParOldGen       total 129024K, used 12549K [0x00000000a0000000, 0x00000000a7e00000, 0x00000000e0000000)
  object space 129024K, 9% used [0x00000000a0000000,0x00000000a0c41730,0x00000000a7e00000)
 Metaspace       used 26625K, capacity 27246K, committed 27520K, reserved 1073152K
  class space    used 3475K, capacity 3647K, committed 3712K, reserved 1048576K
Event: 6.006 GC heap after
Heap after GC invocations=4 (full 1):
 PSYoungGen      total 76288K, used 7679K [0x00000000e0000000, 0x00000000e6a00000, 0x0000000100000000)
  eden space 65536K, 0% used [0x00000000e0000000,0x00000000e0000000,0x00000000e4000000)
  from space 10752K, 71% used [0x00000000e4000000,0x00000000e477fd08,0x00000000e4a80000)
  to   space 10752K, 0% used [0x00000000e5f80000,0x00000000e5f80000,0x00000000e6a00000)
 ParOldGen       total 129024K, used 12549K [0x00000000a0000000, 0x00000000a7e00000, 0x00000000e0000000)
  object space 129024K, 9% used [0x00000000a0000000,0x00000000a0c41730,0x00000000a7e00000)
 Metaspace       used 26625K, capacity 27246K, committed 27520K, reserved 1073152K
  class space    used 3475K, capacity 3647K, committed 3712K, reserved 1048576K
}
Event: 7.343 GC heap before
{Heap before GC invocations=5 (full 1):
 PSYoungGen      total 76288K, used 73215K [0x00000000e0000000, 0x00000000e6a00000, 0x0000000100000000)
  eden space 65536K, 100% used [0x00000000e0000000,0x00000000e4000000,0x00000000e4000000)
  from space 10752K, 71% used [0x00000000e4000000,0x00000000e477fd08,0x00000000e4a80000)
  to   space 10752K, 0% used [0x00000000e5f80000,0x00000000e5f80000,0x00000000e6a00000)
 ParOldGen       total 129024K, used 12549K [0x00000000a0000000, 0x00000000a7e00000, 0x00000000e0000000)
  object space 129024K, 9% used [0x00000000a0000000,0x00000000a0c41730,0x00000000a7e00000)
 Metaspace       used 32152K, capacity 32936K, committed 33280K, reserved 1077248K
  class space    used 4325K, capacity 4552K, committed 4608K, reserved 1048576K

