# JRE version: OpenJDK Runtime Environment (8.0_112-b06) (build 1.8.0_112-release-b06)
# Java VM: OpenJDK 64-Bit Server VM (25.112-b06 mixed mode windows-amd64 compressed oops)
Heap:
 PSYoungGen      total 434176K, used 230629K [0x00000000e0000000, 0x00000000ffe80000, 0x0000000100000000)
  eden space 349696K, 64% used [0x00000000e0000000,0x00000000edceb930,0x00000000f5580000)
  from space 84480K, 5% used [0x00000000fac00000,0x00000000fb04dd48,0x00000000ffe80000)
  to   space 86528K, 0% used [0x00000000f5580000,0x00000000f5580000,0x00000000faa00000)
 ParOldGen       total 320512K, used 143355K [0x00000000a0000000, 0x00000000b3900000, 0x00000000e0000000)
  object space 320512K, 44% used [0x00000000a0000000,0x00000000a8bfef18,0x00000000b3900000)
 Metaspace       used 91941K, capacity 98106K, committed 98264K, reserved 1134592K
  class space    used 11259K, capacity 12246K, committed 12288K, reserved 1048576K
GC Heap History (10 events):
Event: 1427.422 GC heap before
{Heap before GC invocations=20 (full 3):
 PSYoungGen      total 429056K, used 429028K [0x00000000e0000000, 0x0000000100000000, 0x0000000100000000)
  eden space 375808K, 100% used [0x00000000e0000000,0x00000000f6f00000,0x00000000f6f00000)
  from space 53248K, 99% used [0x00000000fcc00000,0x00000000ffff93f8,0x0000000100000000)
  to   space 74240K, 0% used [0x00000000f6f00000,0x00000000f6f00000,0x00000000fb780000)
 ParOldGen       total 201728K, used 122741K [0x00000000a0000000, 0x00000000ac500000, 0x00000000e0000000)
  object space 201728K, 60% used [0x00000000a0000000,0x00000000a77dd490,0x00000000ac500000)
 Metaspace       used 89052K, capacity 94914K, committed 95064K, reserved 1132544K
  class space    used 10884K, capacity 11839K, committed 11904K, reserved 1048576K
Event: 1427.556 GC heap after
Heap after GC invocations=20 (full 3):
 PSYoungGen      total 450048K, used 74227K [0x00000000e0000000, 0x0000000100000000, 0x0000000100000000)
  eden space 375808K, 0% used [0x00000000e0000000,0x00000000e0000000,0x00000000f6f00000)
  from space 74240K, 99% used [0x00000000f6f00000,0x00000000fb77cd10,0x00000000fb780000)
  to   space 74240K, 0% used [0x00000000fb780000,0x00000000fb780000,0x0000000100000000)
 ParOldGen       total 201728K, used 142930K [0x00000000a0000000, 0x00000000ac500000, 0x00000000e0000000)
  object space 201728K, 70% used [0x00000000a0000000,0x00000000a8b948d8,0x00000000ac500000)
 Metaspace       used 89052K, capacity 94914K, committed 95064K, reserved 1132544K
  class space    used 10884K, capacity 11839K, committed 11904K, reserved 1048576K
}
Event: 1428.830 GC heap before
{Heap before GC invocations=21 (full 3):
 PSYoungGen      total 450048K, used 450035K [0x00000000e0000000, 0x0000000100000000, 0x0000000100000000)
  eden space 375808K, 100% used [0x00000000e0000000,0x00000000f6f00000,0x00000000f6f00000)
  from space 74240K, 99% used [0x00000000f6f00000,0x00000000fb77cd10,0x00000000fb780000)
  to   space 74240K, 0% used [0x00000000fb780000,0x00000000fb780000,0x0000000100000000)
 ParOldGen       total 201728K, used 142930K [0x00000000a0000000, 0x00000000ac500000, 0x00000000e0000000)
  object space 201728K, 70% used [0x00000000a0000000,0x00000000a8b948d8,0x00000000ac500000)
 Metaspace       used 89078K, capacity 94914K, committed 95064K, reserved 1132544K
  class space    used 10885K, capacity 11839K, committed 11904K, reserved 1048576K
Event: 1428.939 GC heap after
Heap after GC invocations=21 (full 3):
 PSYoungGen      total 421376K, used 33783K [0x00000000e0000000, 0x0000000100000000, 0x0000000100000000)
  eden space 347136K, 0% used [0x00000000e0000000,0x00000000e0000000,0x00000000f5300000)
  from space 74240K, 45% used [0x00000000fb780000,0x00000000fd87dd10,0x0000000100000000)
  to   space 88576K, 0% used [0x00000000f5300000,0x00000000f5300000,0x00000000fa980000)
 ParOldGen       total 201728K, used 170747K [0x00000000a0000000, 0x00000000ac500000, 0x00000000e0000000)
  object space 201728K, 84% used [0x00000000a0000000,0x00000000aa6bef20,0x00000000ac500000)
 Metaspace       used 89078K, capacity 94914K, committed 95064K, reserved 1132544K
  class space    used 10885K, capacity 11839K, committed 11904K, reserved 1048576K
}
Event: 1428.939 GC heap before
{Heap before GC invocations=22 (full 4):
 PSYoungGen      total 421376K, used 33783K [0x00000000e0000000, 0x0000000100000000, 0x0000000100000000)
  eden space 347136K, 0% used [0x00000000e0000000,0x00000000e0000000,0x00000000f5300000)
  from space 74240K, 45% used [0x00000000fb780000,0x00000000fd87dd10,0x0000000100000000)
  to   space 88576K, 0% used [0x00000000f5300000,0x00000000f5300000,0x00000000fa980000)
 ParOldGen       total 201728K, used 170747K [0x00000000a0000000, 0x00000000ac500000, 0x00000000e0000000)
  object space 201728K, 84% used [0x00000000a0000000,0x00000000aa6bef20,0x00000000ac500000)
 Metaspace       used 89078K, capacity 94914K, committed 95064K, reserved 1132544K
  class space    used 10885K, capacity 11839K, committed 11904K, reserved 1048576K
Event: 1429.700 GC heap after
Heap after GC invocations=22 (full 4):
 PSYoungGen      total 421376K, used 0K [0x00000000e0000000, 0x0000000100000000, 0x0000000100000000)
  eden space 347136K, 0% used [0x00000000e0000000,0x00000000e0000000,0x00000000f5300000)
  from space 74240K, 0% used [0x00000000fb780000,0x00000000fb780000,0x0000000100000000)
  to   space 88576K, 0% used [0x00000000f5300000,0x00000000f5300000,0x00000000fa980000)
 ParOldGen       total 320512K, used 124956K [0x00000000a0000000, 0x00000000b3900000, 0x00000000e0000000)
  object space 320512K, 38% used [0x00000000a0000000,0x00000000a7a072e0,0x00000000b3900000)
 Metaspace       used 88841K, capacity 94494K, committed 95064K, reserved 1132544K
  class space    used 10812K, capacity 11716K, committed 11904K, reserved 1048576K
}
Event: 1432.941 GC heap before
{Heap before GC invocations=23 (full 4):
 PSYoungGen      total 421376K, used 347055K [0x00000000e0000000, 0x0000000100000000, 0x0000000100000000)
  eden space 347136K, 99% used [0x00000000e0000000,0x00000000f52ebda0,0x00000000f5300000)
  from space 74240K, 0% used [0x00000000fb780000,0x00000000fb780000,0x0000000100000000)
  to   space 88576K, 0% used [0x00000000f5300000,0x00000000f5300000,0x00000000fa980000)
 ParOldGen       total 320512K, used 124956K [0x00000000a0000000, 0x00000000b3900000, 0x00000000e0000000)
  object space 320512K, 38% used [0x00000000a0000000,0x00000000a7a072e0,0x00000000b3900000)
 Metaspace       used 89703K, capacity 95456K, committed 95960K, reserved 1132544K
  class space    used 10935K, capacity 11859K, committed 12032K, reserved 1048576K
Event: 1433.001 GC heap after
Heap after GC invocations=23 (full 4):
 PSYoungGen      total 435712K, used 23561K [0x00000000e0000000, 0x0000000100000000, 0x0000000100000000)
  eden space 347136K, 0% used [0x00000000e0000000,0x00000000e0000000,0x00000000f5300000)
  from space 88576K, 26% used [0x00000000f5300000,0x00000000f6a02580,0x00000000fa980000)
  to   space 86016K, 0% used [0x00000000fac00000,0x00000000fac00000,0x0000000100000000)
 ParOldGen       total 320512K, used 124964K [0x00000000a0000000, 0x00000000b3900000, 0x00000000e0000000)
  object space 320512K, 38% used [0x00000000a0000000,0x00000000a7a092e0,0x00000000b3900000)
 Metaspace       used 89703K, capacity 95456K, committed 95960K, reserved 1132544K
  class space    used 10935K, capacity 11859K, committed 12032K, reserved 1048576K
}
Event: 1568.718 GC heap before
{Heap before GC invocations=24 (full 4):
 PSYoungGen      total 435712K, used 370697K [0x00000000e0000000, 0x0000000100000000, 0x0000000100000000)
  eden space 347136K, 100% used [0x00000000e0000000,0x00000000f5300000,0x00000000f5300000)
  from space 88576K, 26% used [0x00000000f5300000,0x00000000f6a02580,0x00000000fa980000)
  to   space 86016K, 0% used [0x00000000fac00000,0x00000000fac00000,0x0000000100000000)
 ParOldGen       total 320512K, used 124964K [0x00000000a0000000, 0x00000000b3900000, 0x00000000e0000000)
  object space 320512K, 38% used [0x00000000a0000000,0x00000000a7a092e0,0x00000000b3900000)
 Metaspace       used 90577K, capacity 96516K, committed 96728K, reserved 1134592K
  class space    used 11049K, capacity 12004K, committed 12032K, reserved 1048576K
Event: 1568.755 GC heap after
Heap after GC invocations=24 (full 4):
 PSYoungGen      total 434176K, used 4407K [0x00000000e0000000, 0x00000000ffe80000, 0x0000000100000000)
  eden space 349696K, 0% used [0x00000000e0000000,0x00000000e0000000,0x00000000f5580000)
  from space 84480K, 5% used [0x00000000fac00000,0x00000000fb04dd48,0x00000000ffe80000)
  to   space 86528K, 0% used [0x00000000f5580000,0x00000000f5580000,0x00000000faa00000)
 ParOldGen       total 320512K, used 143355K [0x00000000a0000000, 0x00000000b3900000, 0x00000000e0000000)
  object space 320512K, 44% used [0x00000000a0000000,0x00000000a8bfef18,0x00000000b3900000)
 Metaspace       used 90577K, capacity 96516K, committed 96728K, reserved 1134592K
  class space    used 11049K, capacity 12004K, committed 12032K, reserved 1048576K
}

