# JRE version: OpenJDK Runtime Environment (8.0_112-b06) (build 1.8.0_112-release-b06)
# Java VM: OpenJDK 64-Bit Server VM (25.112-b06 mixed mode windows-amd64 compressed oops)
Heap:
 PSYoungGen      total 487936K, used 247549K [0x00000000e0000000, 0x00000000ffd00000, 0x0000000100000000)
  eden space 458752K, 50% used [0x00000000e0000000,0x00000000ee3694c8,0x00000000fc000000)
  from space 29184K, 50% used [0x00000000fe080000,0x00000000feed5fe8,0x00000000ffd00000)
  to   space 31232K, 0% used [0x00000000fc000000,0x00000000fc000000,0x00000000fde80000)
 ParOldGen       total 155648K, used 55302K [0x00000000a0000000, 0x00000000a9800000, 0x00000000e0000000)
  object space 155648K, 35% used [0x00000000a0000000,0x00000000a3601918,0x00000000a9800000)
 Metaspace       used 64159K, capacity 69071K, committed 69376K, reserved 1110016K
  class space    used 8589K, capacity 9421K, committed 9472K, reserved 1048576K
GC Heap History (10 events):
Event: 26.809 GC heap before
{Heap before GC invocations=9 (full 2):
 PSYoungGen      total 253440K, used 250503K [0x00000000e0000000, 0x00000000f0a80000, 0x0000000100000000)
  eden space 238592K, 100% used [0x00000000e0000000,0x00000000ee900000,0x00000000ee900000)
  from space 14848K, 80% used [0x00000000ef780000,0x00000000f0321cf0,0x00000000f0600000)
  to   space 14848K, 0% used [0x00000000ee900000,0x00000000ee900000,0x00000000ef780000)
 ParOldGen       total 99328K, used 18915K [0x00000000a0000000, 0x00000000a6100000, 0x00000000e0000000)
  object space 99328K, 19% used [0x00000000a0000000,0x00000000a1278eb0,0x00000000a6100000)
 Metaspace       used 52399K, capacity 54578K, committed 54784K, reserved 1095680K
  class space    used 7195K, capacity 7612K, committed 7680K, reserved 1048576K
Event: 26.850 GC heap after
Heap after GC invocations=9 (full 2):
 PSYoungGen      total 253440K, used 14847K [0x00000000e0000000, 0x00000000fe380000, 0x0000000100000000)
  eden space 238592K, 0% used [0x00000000e0000000,0x00000000e0000000,0x00000000ee900000)
  from space 14848K, 99% used [0x00000000ee900000,0x00000000ef77fff0,0x00000000ef780000)
  to   space 26624K, 0% used [0x00000000fc980000,0x00000000fc980000,0x00000000fe380000)
 ParOldGen       total 99328K, used 39474K [0x00000000a0000000, 0x00000000a6100000, 0x00000000e0000000)
  object space 99328K, 39% used [0x00000000a0000000,0x00000000a268cae0,0x00000000a6100000)
 Metaspace       used 52399K, capacity 54578K, committed 54784K, reserved 1095680K
  class space    used 7195K, capacity 7612K, committed 7680K, reserved 1048576K
}
Event: 34.484 GC heap before
{Heap before GC invocations=10 (full 2):
 PSYoungGen      total 253440K, used 203772K [0x00000000e0000000, 0x00000000fe380000, 0x0000000100000000)
  eden space 238592K, 79% used [0x00000000e0000000,0x00000000eb87f300,0x00000000ee900000)
  from space 14848K, 99% used [0x00000000ee900000,0x00000000ef77fff0,0x00000000ef780000)
  to   space 26624K, 0% used [0x00000000fc980000,0x00000000fc980000,0x00000000fe380000)
 ParOldGen       total 99328K, used 39474K [0x00000000a0000000, 0x00000000a6100000, 0x00000000e0000000)
  object space 99328K, 39% used [0x00000000a0000000,0x00000000a268cae0,0x00000000a6100000)
 Metaspace       used 56197K, capacity 58979K, committed 59028K, reserved 1099776K
  class space    used 7571K, capacity 8143K, committed 8192K, reserved 1048576K
Event: 34.701 GC heap after
Heap after GC invocations=10 (full 2):
 PSYoungGen      total 461824K, used 26608K [0x00000000e0000000, 0x00000000feb80000, 0x0000000100000000)
  eden space 435200K, 0% used [0x00000000e0000000,0x00000000e0000000,0x00000000fa900000)
  from space 26624K, 99% used [0x00000000fc980000,0x00000000fe37c1f8,0x00000000fe380000)
  to   space 33280K, 0% used [0x00000000fa900000,0x00000000fa900000,0x00000000fc980000)
 ParOldGen       total 99328K, used 45561K [0x00000000a0000000, 0x00000000a6100000, 0x00000000e0000000)
  object space 99328K, 45% used [0x00000000a0000000,0x00000000a2c7e7f8,0x00000000a6100000)
 Metaspace       used 56197K, capacity 58979K, committed 59028K, reserved 1099776K
  class space    used 7571K, capacity 8143K, committed 8192K, reserved 1048576K
}
Event: 34.702 GC heap before
{Heap before GC invocations=11 (full 3):
 PSYoungGen      total 461824K, used 26608K [0x00000000e0000000, 0x00000000feb80000, 0x0000000100000000)
  eden space 435200K, 0% used [0x00000000e0000000,0x00000000e0000000,0x00000000fa900000)
  from space 26624K, 99% used [0x00000000fc980000,0x00000000fe37c1f8,0x00000000fe380000)
  to   space 33280K, 0% used [0x00000000fa900000,0x00000000fa900000,0x00000000fc980000)
 ParOldGen       total 99328K, used 45561K [0x00000000a0000000, 0x00000000a6100000, 0x00000000e0000000)
  object space 99328K, 45% used [0x00000000a0000000,0x00000000a2c7e7f8,0x00000000a6100000)
 Metaspace       used 56197K, capacity 58979K, committed 59028K, reserved 1099776K
  class space    used 7571K, capacity 8143K, committed 8192K, reserved 1048576K
Event: 35.196 GC heap after
Heap after GC invocations=11 (full 3):
 PSYoungGen      total 461824K, used 0K [0x00000000e0000000, 0x00000000feb80000, 0x0000000100000000)
  eden space 435200K, 0% used [0x00000000e0000000,0x00000000e0000000,0x00000000fa900000)
  from space 26624K, 0% used [0x00000000fc980000,0x00000000fc980000,0x00000000fe380000)
  to   space 33280K, 0% used [0x00000000fa900000,0x00000000fa900000,0x00000000fc980000)
 ParOldGen       total 155648K, used 55286K [0x00000000a0000000, 0x00000000a9800000, 0x00000000e0000000)
  object space 155648K, 35% used [0x00000000a0000000,0x00000000a35fd918,0x00000000a9800000)
 Metaspace       used 56197K, capacity 58979K, committed 59028K, reserved 1099776K
  class space    used 7571K, capacity 8143K, committed 8192K, reserved 1048576K
}
Event: 69.162 GC heap before
{Heap before GC invocations=12 (full 3):
 PSYoungGen      total 461824K, used 435200K [0x00000000e0000000, 0x00000000feb80000, 0x0000000100000000)
  eden space 435200K, 100% used [0x00000000e0000000,0x00000000fa900000,0x00000000fa900000)
  from space 26624K, 0% used [0x00000000fc980000,0x00000000fc980000,0x00000000fe380000)
  to   space 33280K, 0% used [0x00000000fa900000,0x00000000fa900000,0x00000000fc980000)
 ParOldGen       total 155648K, used 55286K [0x00000000a0000000, 0x00000000a9800000, 0x00000000e0000000)
  object space 155648K, 35% used [0x00000000a0000000,0x00000000a35fd918,0x00000000a9800000)
 Metaspace       used 62153K, capacity 66083K, committed 66304K, reserved 1105920K
  class space    used 8370K, capacity 9111K, committed 9216K, reserved 1048576K
Event: 69.187 GC heap after
Heap after GC invocations=12 (full 3):
 PSYoungGen      total 468480K, used 18755K [0x00000000e0000000, 0x0000000100000000, 0x0000000100000000)
  eden space 435200K, 0% used [0x00000000e0000000,0x00000000e0000000,0x00000000fa900000)
  from space 33280K, 56% used [0x00000000fa900000,0x00000000fbb50d08,0x00000000fc980000)
  to   space 32256K, 0% used [0x00000000fe080000,0x00000000fe080000,0x0000000100000000)
 ParOldGen       total 155648K, used 55294K [0x00000000a0000000, 0x00000000a9800000, 0x00000000e0000000)
  object space 155648K, 35% used [0x00000000a0000000,0x00000000a35ff918,0x00000000a9800000)
 Metaspace       used 62153K, capacity 66083K, committed 66304K, reserved 1105920K
  class space    used 8370K, capacity 9111K, committed 9216K, reserved 1048576K
}
Event: 612.107 GC heap before
{Heap before GC invocations=13 (full 3):
 PSYoungGen      total 468480K, used 453955K [0x00000000e0000000, 0x0000000100000000, 0x0000000100000000)
  eden space 435200K, 100% used [0x00000000e0000000,0x00000000fa900000,0x00000000fa900000)
  from space 33280K, 56% used [0x00000000fa900000,0x00000000fbb50d08,0x00000000fc980000)
  to   space 32256K, 0% used [0x00000000fe080000,0x00000000fe080000,0x0000000100000000)
 ParOldGen       total 155648K, used 55294K [0x00000000a0000000, 0x00000000a9800000, 0x00000000e0000000)
  object space 155648K, 35% used [0x00000000a0000000,0x00000000a35ff918,0x00000000a9800000)
 Metaspace       used 63729K, capacity 68383K, committed 68480K, reserved 1107968K
  class space    used 8551K, capacity 9343K, committed 9344K, reserved 1048576K
Event: 612.147 GC heap after
Heap after GC invocations=13 (full 3):
 PSYoungGen      total 487936K, used 14679K [0x00000000e0000000, 0x00000000ffd00000, 0x0000000100000000)
  eden space 458752K, 0% used [0x00000000e0000000,0x00000000e0000000,0x00000000fc000000)
  from space 29184K, 50% used [0x00000000fe080000,0x00000000feed5fe8,0x00000000ffd00000)
  to   space 31232K, 0% used [0x00000000fc000000,0x00000000fc000000,0x00000000fde80000)
 ParOldGen       total 155648K, used 55302K [0x00000000a0000000, 0x00000000a9800000, 0x00000000e0000000)
  object space 155648K, 35% used [0x00000000a0000000,0x00000000a3601918,0x00000000a9800000)
 Metaspace       used 63729K, capacity 68383K, committed 68480K, reserved 1107968K
  class space    used 8551K, capacity 9343K, committed 9344K, reserved 1048576K
}

