# JRE version: OpenJDK Runtime Environment (8.0_112-b06) (build 1.8.0_112-release-b06)
# Java VM: OpenJDK 64-Bit Server VM (25.112-b06 mixed mode windows-amd64 compressed oops)
Heap:
 PSYoungGen      total 235008K, used 49391K [0x00000000e0000000, 0x00000000f3e00000, 0x0000000100000000)
  eden space 207360K, 13% used [0x00000000e0000000,0x00000000e1b4da78,0x00000000eca80000)
  from space 27648K, 77% used [0x00000000eca80000,0x00000000edf6e348,0x00000000ee580000)
  to   space 28672K, 56% used [0x00000000f2200000,0x00000000f31b0f40,0x00000000f3e00000)
 ParOldGen       total 1048576K, used 41418K [0x00000000a0000000, 0x00000000e0000000, 0x00000000e0000000)
  object space 1048576K, 3% used [0x00000000a0000000,0x00000000a2872968,0x00000000e0000000)
 Metaspace       used 57030K, capacity 59346K, committed 59492K, reserved 1101824K
  class space    used 7529K, capacity 7957K, committed 8064K, reserved 1048576K
GC Heap History (10 events):
Event: 13.644 GC heap after
Heap after GC invocations=9 (full 2):
 PSYoungGen      total 136704K, used 14336K [0x00000000e0000000, 0x00000000ecd00000, 0x0000000100000000)
  eden space 122368K, 0% used [0x00000000e0000000,0x00000000e0000000,0x00000000e7780000)
  from space 14336K, 100% used [0x00000000e7780000,0x00000000e8580000,0x00000000e8580000)
  to   space 17920K, 0% used [0x00000000ebb80000,0x00000000ebb80000,0x00000000ecd00000)
 ParOldGen       total 180736K, used 22132K [0x00000000a0000000, 0x00000000ab080000, 0x00000000e0000000)
  object space 180736K, 12% used [0x00000000a0000000,0x00000000a159d178,0x00000000ab080000)
 Metaspace       used 48096K, capacity 49654K, committed 49920K, reserved 1091584K
  class space    used 6505K, capacity 6828K, committed 6912K, reserved 1048576K
}
Event: 19.626 GC heap before
{Heap before GC invocations=10 (full 2):
 PSYoungGen      total 136704K, used 136704K [0x00000000e0000000, 0x00000000ecd00000, 0x0000000100000000)
  eden space 122368K, 100% used [0x00000000e0000000,0x00000000e7780000,0x00000000e7780000)
  from space 14336K, 100% used [0x00000000e7780000,0x00000000e8580000,0x00000000e8580000)
  to   space 17920K, 0% used [0x00000000ebb80000,0x00000000ebb80000,0x00000000ecd00000)
 ParOldGen       total 180736K, used 22132K [0x00000000a0000000, 0x00000000ab080000, 0x00000000e0000000)
  object space 180736K, 12% used [0x00000000a0000000,0x00000000a159d178,0x00000000ab080000)
 Metaspace       used 52115K, capacity 54190K, committed 54400K, reserved 1095680K
  class space    used 7039K, capacity 7444K, committed 7552K, reserved 1048576K
Event: 19.704 GC heap after
Heap after GC invocations=10 (full 2):
 PSYoungGen      total 186368K, used 17920K [0x00000000e0000000, 0x00000000ed300000, 0x0000000100000000)
  eden space 168448K, 0% used [0x00000000e0000000,0x00000000e0000000,0x00000000ea480000)
  from space 17920K, 100% used [0x00000000ebb80000,0x00000000ecd00000,0x00000000ecd00000)
  to   space 23552K, 0% used [0x00000000ea480000,0x00000000ea480000,0x00000000ebb80000)
 ParOldGen       total 180736K, used 29400K [0x00000000a0000000, 0x00000000ab080000, 0x00000000e0000000)
  object space 180736K, 16% used [0x00000000a0000000,0x00000000a1cb63b8,0x00000000ab080000)
 Metaspace       used 52115K, capacity 54190K, committed 54400K, reserved 1095680K
  class space    used 7039K, capacity 7444K, committed 7552K, reserved 1048576K
}
Event: 20.479 GC heap before
{Heap before GC invocations=11 (full 2):
 PSYoungGen      total 186368K, used 185572K [0x00000000e0000000, 0x00000000ed300000, 0x0000000100000000)
  eden space 168448K, 99% used [0x00000000e0000000,0x00000000ea3b9330,0x00000000ea480000)
  from space 17920K, 100% used [0x00000000ebb80000,0x00000000ecd00000,0x00000000ecd00000)
  to   space 23552K, 0% used [0x00000000ea480000,0x00000000ea480000,0x00000000ebb80000)
 ParOldGen       total 180736K, used 29400K [0x00000000a0000000, 0x00000000ab080000, 0x00000000e0000000)
  object space 180736K, 16% used [0x00000000a0000000,0x00000000a1cb63b8,0x00000000ab080000)
 Metaspace       used 52998K, capacity 55188K, committed 55552K, reserved 1097728K
  class space    used 7160K, capacity 7559K, committed 7680K, reserved 1048576K
Event: 20.518 GC heap after
Heap after GC invocations=11 (full 2):
 PSYoungGen      total 192000K, used 19309K [0x00000000e0000000, 0x00000000efe00000, 0x0000000100000000)
  eden space 168448K, 0% used [0x00000000e0000000,0x00000000e0000000,0x00000000ea480000)
  from space 23552K, 81% used [0x00000000ea480000,0x00000000eb75b448,0x00000000ebb80000)
  to   space 25088K, 0% used [0x00000000ee580000,0x00000000ee580000,0x00000000efe00000)
 ParOldGen       total 180736K, used 29408K [0x00000000a0000000, 0x00000000ab080000, 0x00000000e0000000)
  object space 180736K, 16% used [0x00000000a0000000,0x00000000a1cb83b8,0x00000000ab080000)
 Metaspace       used 52998K, capacity 55188K, committed 55552K, reserved 1097728K
  class space    used 7160K, capacity 7559K, committed 7680K, reserved 1048576K
}
Event: 23.281 GC heap before
{Heap before GC invocations=12 (full 2):
 PSYoungGen      total 192000K, used 187757K [0x00000000e0000000, 0x00000000efe00000, 0x0000000100000000)
  eden space 168448K, 100% used [0x00000000e0000000,0x00000000ea480000,0x00000000ea480000)
  from space 23552K, 81% used [0x00000000ea480000,0x00000000eb75b448,0x00000000ebb80000)
  to   space 25088K, 0% used [0x00000000ee580000,0x00000000ee580000,0x00000000efe00000)
 ParOldGen       total 180736K, used 29408K [0x00000000a0000000, 0x00000000ab080000, 0x00000000e0000000)
  object space 180736K, 16% used [0x00000000a0000000,0x00000000a1cb83b8,0x00000000ab080000)
 Metaspace       used 54495K, capacity 56786K, committed 56960K, reserved 1097728K
  class space    used 7291K, capacity 7713K, committed 7808K, reserved 1048576K
Event: 23.711 GC heap after
Heap after GC invocations=12 (full 2):
 PSYoungGen      total 232448K, used 22683K [0x00000000e0000000, 0x00000000f1000000, 0x0000000100000000)
  eden space 207360K, 0% used [0x00000000e0000000,0x00000000e0000000,0x00000000eca80000)
  from space 25088K, 90% used [0x00000000ee580000,0x00000000efba6c30,0x00000000efe00000)
  to   space 27648K, 0% used [0x00000000eca80000,0x00000000eca80000,0x00000000ee580000)
 ParOldGen       total 180736K, used 29408K [0x00000000a0000000, 0x00000000ab080000, 0x00000000e0000000)
  object space 180736K, 16% used [0x00000000a0000000,0x00000000a1cb83b8,0x00000000ab080000)
 Metaspace       used 54495K, capacity 56786K, committed 56960K, reserved 1097728K
  class space    used 7291K, capacity 7713K, committed 7808K, reserved 1048576K
}
Event: 26.507 GC heap before
{Heap before GC invocations=13 (full 2):
 PSYoungGen      total 232448K, used 87012K [0x00000000e0000000, 0x00000000f1000000, 0x0000000100000000)
  eden space 207360K, 31% used [0x00000000e0000000,0x00000000e3ed24f8,0x00000000eca80000)
  from space 25088K, 90% used [0x00000000ee580000,0x00000000efba6c30,0x00000000efe00000)
  to   space 27648K, 0% used [0x00000000eca80000,0x00000000eca80000,0x00000000ee580000)
 ParOldGen       total 180736K, used 29408K [0x00000000a0000000, 0x00000000ab080000, 0x00000000e0000000)
  object space 180736K, 16% used [0x00000000a0000000,0x00000000a1cb83b8,0x00000000ab080000)
 Metaspace       used 56698K, capacity 59090K, committed 59264K, reserved 1099776K
  class space    used 7517K, capacity 7957K, committed 8064K, reserved 1048576K
Event: 26.551 GC heap after
Heap after GC invocations=13 (full 2):
 PSYoungGen      total 235008K, used 21432K [0x00000000e0000000, 0x00000000f3e00000, 0x0000000100000000)
  eden space 207360K, 0% used [0x00000000e0000000,0x00000000e0000000,0x00000000eca80000)
  from space 27648K, 77% used [0x00000000eca80000,0x00000000edf6e348,0x00000000ee580000)
  to   space 28672K, 0% used [0x00000000f2200000,0x00000000f2200000,0x00000000f3e00000)
 ParOldGen       total 180736K, used 34476K [0x00000000a0000000, 0x00000000ab080000, 0x00000000e0000000)
  object space 180736K, 19% used [0x00000000a0000000,0x00000000a21ab058,0x00000000ab080000)
 Metaspace       used 56698K, capacity 59090K, committed 59264K, reserved 1099776K
  class space    used 7517K, capacity 7957K, committed 8064K, reserved 1048576K
}
Event: 26.982 GC heap before
{Heap before GC invocations=14 (full 2):
 PSYoungGen      total 235008K, used 49391K [0x00000000e0000000, 0x00000000f3e00000, 0x0000000100000000)
  eden space 207360K, 13% used [0x00000000e0000000,0x00000000e1b4da78,0x00000000eca80000)
  from space 27648K, 77% used [0x00000000eca80000,0x00000000edf6e348,0x00000000ee580000)
  to   space 28672K, 0% used [0x00000000f2200000,0x00000000f2200000,0x00000000f3e00000)
 ParOldGen       total 180736K, used 34476K [0x00000000a0000000, 0x00000000ab080000, 0x00000000e0000000)
  object space 180736K, 19% used [0x00000000a0000000,0x00000000a21ab058,0x00000000ab080000)
 Metaspace       used 57030K, capacity 59346K, committed 59492K, reserved 1101824K
  class space    used 7529K, capacity 7957K, committed 8064K, reserved 1048576K

